mode: set
github.com/yb172/json-unknown/validator.go:13.77,16.16 3 1
github.com/yb172/json-unknown/validator.go:19.2,19.65 1 1
github.com/yb172/json-unknown/validator.go:16.16,18.3 1 1
github.com/yb172/json-unknown/validator.go:22.61,24.66 2 1
github.com/yb172/json-unknown/validator.go:27.2,27.24 1 1
github.com/yb172/json-unknown/validator.go:50.2,50.24 1 1
github.com/yb172/json-unknown/validator.go:24.66,26.3 1 1
github.com/yb172/json-unknown/validator.go:28.19,30.19 2 1
github.com/yb172/json-unknown/validator.go:36.22,37.43 1 1
github.com/yb172/json-unknown/validator.go:30.19,32.16 2 1
github.com/yb172/json-unknown/validator.go:32.16,34.5 1 1
github.com/yb172/json-unknown/validator.go:37.43,40.39 3 1
github.com/yb172/json-unknown/validator.go:40.39,41.62 1 1
github.com/yb172/json-unknown/validator.go:41.62,43.21 2 1
github.com/yb172/json-unknown/validator.go:43.21,45.7 1 1
github.com/yb172/json-unknown/validator.go:53.55,55.37 2 1
github.com/yb172/json-unknown/validator.go:61.2,61.11 1 0
github.com/yb172/json-unknown/validator.go:55.37,56.60 1 1
github.com/yb172/json-unknown/validator.go:59.3,59.17 1 1
github.com/yb172/json-unknown/validator.go:56.60,58.4 1 1
github.com/yb172/json-unknown/validator.go:64.76,66.66 2 1
github.com/yb172/json-unknown/validator.go:69.2,69.24 1 1
github.com/yb172/json-unknown/validator.go:88.2,88.13 1 0
github.com/yb172/json-unknown/validator.go:66.66,68.3 1 1
github.com/yb172/json-unknown/validator.go:70.19,72.19 2 1
github.com/yb172/json-unknown/validator.go:78.3,78.15 1 0
github.com/yb172/json-unknown/validator.go:79.22,80.43 1 1
github.com/yb172/json-unknown/validator.go:86.3,86.15 1 1
github.com/yb172/json-unknown/validator.go:72.19,74.21 2 1
github.com/yb172/json-unknown/validator.go:74.21,76.5 1 1
github.com/yb172/json-unknown/validator.go:80.43,82.24 2 1
github.com/yb172/json-unknown/validator.go:82.24,84.5 1 1
github.com/yb172/json-unknown/validator.go:91.86,93.35 2 1
github.com/yb172/json-unknown/validator.go:113.2,113.11 1 1
github.com/yb172/json-unknown/validator.go:94.30,96.37 1 1
github.com/yb172/json-unknown/validator.go:106.21,107.35 1 1
github.com/yb172/json-unknown/validator.go:96.37,98.58 2 1
github.com/yb172/json-unknown/validator.go:98.58,100.5 1 1
github.com/yb172/json-unknown/validator.go:100.10,104.5 3 1
github.com/yb172/json-unknown/validator.go:107.35,111.4 3 1
